

Processing Rails::InfoController#properties (for 127.0.0.1 at 2009-09-17 18:24:14) [GET]
  [4;36;1mSQL (0.5ms)[0m   [0;1m SELECT name
 FROM sqlite_master
 WHERE type = 'table' AND NOT name = 'sqlite_sequence'
[0m
Completed in 82ms (View: 8, DB: 1) | 200 OK [http://localhost/rails/info/properties]


Processing Rails::InfoController#properties (for 127.0.0.1 at 2009-09-17 18:25:24) [GET]
  [4;35;1mSQL (0.2ms)[0m   [0m SELECT name
 FROM sqlite_master
 WHERE type = 'table' AND NOT name = 'sqlite_sequence'
[0m
Completed in 49ms (View: 41, DB: 0) | 200 OK [http://localhost/rails/info/properties]


Processing Rails::InfoController#properties (for 127.0.0.1 at 2009-09-17 18:25:36) [GET]
  [4;36;1mSQL (1.0ms)[0m   [0;1m SELECT name
 FROM sqlite_master
 WHERE type = 'table' AND NOT name = 'sqlite_sequence'
[0m
Completed in 14ms (View: 2, DB: 1) | 200 OK [http://localhost/rails/info/properties]


Processing ApplicationController#index (for 127.0.0.1 at 2009-09-17 18:28:14) [GET]

ActionController::RoutingError (No route matches "/asd" with {:method=>:get}):
  

Rendering rescues/layout (not_found)


Processing ApplicationController#index (for 127.0.0.1 at 2009-09-17 18:28:25) [GET]

ActionController::RoutingError (No route matches "/asd/d" with {:method=>:get}):
  

Rendering rescues/layout (not_found)


Processing ApplicationController#index (for 127.0.0.1 at 2009-09-17 18:28:31) [GET]

ActionController::RoutingError (No route matches "/asd/" with {:method=>:get}):
  

Rendering rescues/layout (not_found)


Processing ApplicationController#index (for 127.0.0.1 at 2009-09-17 18:28:58) [GET]

ActionController::RoutingError (No route matches "/asd/d" with {:method=>:get}):
  

Rendering rescues/layout (not_found)


Processing ApplicationController#index (for 127.0.0.1 at 2009-09-18 12:08:29) [GET]

ActionController::RoutingError (No route matches "/asd/" with {:method=>:get}):
  

Rendering rescues/layout (not_found)


Processing ApplicationController#index (for 127.0.0.1 at 2009-09-18 12:09:17) [GET]

ActionController::RoutingError (No route matches "/asd/" with {:method=>:get}):
  

Rendering rescues/layout (not_found)


Processing PublicController#index (for 127.0.0.1 at 2009-09-18 12:12:58) [GET]

ActionView::MissingTemplate (Missing template public/index.erb in view path app/views):
  

Rendering rescues/layout (internal_server_error)


Processing PublicController#index (for 127.0.0.1 at 2009-09-18 12:13:05) [GET]
Rendering public/index
Completed in 5ms (View: 4, DB: 0) | 200 OK [http://localhost/]


Processing PublicController#index (for 127.0.0.1 at 2009-09-18 12:14:30) [GET]
Rendering template within layouts/application
Rendering public/index
Completed in 7ms (View: 6, DB: 0) | 200 OK [http://localhost/]


Processing ShorteningsController#new (for 127.0.0.1 at 2009-09-18 12:29:21) [GET]

ActiveRecord::StatementInvalid (Could not find table 'shortenings'):
  app/controllers/shortenings_controller.rb:3:in `new'
  app/controllers/shortenings_controller.rb:3:in `new'
  haml (2.0.4) rails/./lib/sass/plugin/rails.rb:19:in `process'

Rendered rescues/_trace (30.9ms)
Rendered rescues/_request_and_response (1.2ms)
Rendering rescues/layout (internal_server_error)
  [4;36;1mSQL (0.4ms)[0m   [0;1m SELECT name
 FROM sqlite_master
 WHERE type = 'table' AND NOT name = 'sqlite_sequence'
[0m
  [4;35;1mSQL (0.1ms)[0m   [0mselect sqlite_version(*)[0m
  [4;36;1mSQL (1.3ms)[0m   [0;1mCREATE TABLE "schema_migrations" ("version" varchar(255) NOT NULL) [0m
  [4;35;1mSQL (1.1ms)[0m   [0mCREATE UNIQUE INDEX "unique_schema_migrations" ON "schema_migrations" ("version")[0m
  [4;36;1mSQL (0.1ms)[0m   [0;1m SELECT name
 FROM sqlite_master
 WHERE type = 'table' AND NOT name = 'sqlite_sequence'
[0m
  [4;35;1mSQL (0.1ms)[0m   [0mSELECT version FROM schema_migrations[0m
Migrating to CreateShortenings (20090918162001)
  [4;36;1mSQL (0.3ms)[0m   [0;1mCREATE TABLE "shortenings" ("id" INTEGER PRIMARY KEY AUTOINCREMENT NOT NULL, "url" varchar(255), "created_at" datetime, "updated_at" datetime) [0m
  [4;35;1mSQL (0.1ms)[0m   [0mINSERT INTO schema_migrations (version) VALUES ('20090918162001')[0m
  [4;36;1mSQL (0.2ms)[0m   [0;1m SELECT name
 FROM sqlite_master
 WHERE type = 'table' AND NOT name = 'sqlite_sequence'
[0m
  [4;35;1mSQL (0.1ms)[0m   [0mSELECT version FROM schema_migrations[0m
  [4;36;1mSQL (0.1ms)[0m   [0;1m SELECT name
 FROM sqlite_master
 WHERE type = 'table' AND NOT name = 'sqlite_sequence'
[0m
  [4;35;1mSQL (0.0ms)[0m   [0mPRAGMA index_list("shortenings")[0m


Processing ShorteningsController#new (for 127.0.0.1 at 2009-09-18 12:29:39) [GET]
Rendering template within layouts/application
Rendering shortenings/new
Completed in 20ms (View: 16, DB: 0) | 200 OK [http://localhost/]


Processing ShorteningsController#create (for 127.0.0.1 at 2009-09-18 12:29:45) [POST]
  Parameters: {"shortening"=>{"url"=>"http://coryforsyth.com/"}, "commit"=>"Shorty", "authenticity_token"=>"JLtp4saZ5ZlmPkUYxhGdI7zndLH93B5XEtYobHsGdlA="}
  [4;36;1mShortening Create (0.5ms)[0m   [0;1mINSERT INTO "shortenings" ("updated_at", "url", "created_at") VALUES('2009-09-18 16:29:45', 'http://coryforsyth.com/', '2009-09-18 16:29:45')[0m
Redirected to http://localhost:3000/shortenings/1
Completed in 47ms (DB: 0) | 302 Found [http://localhost/shortenings]


Processing ShorteningsController#show (for 127.0.0.1 at 2009-09-18 12:29:45) [GET]
  Parameters: {"id"=>"1"}
  [4;35;1mShortening Load (0.2ms)[0m   [0mSELECT * FROM "shortenings" WHERE ("shortenings"."id" = 1) [0m
Rendering template within layouts/application
Rendering shortenings/show
Completed in 7ms (View: 3, DB: 0) | 200 OK [http://localhost/shortenings/1]


Processing ShorteningsController#new (for 127.0.0.1 at 2009-09-18 12:30:31) [GET]
Rendering template within layouts/application
Rendering shortenings/new
Completed in 6ms (View: 3, DB: 0) | 200 OK [http://localhost/]


Processing ShorteningsController#create (for 127.0.0.1 at 2009-09-18 12:30:38) [POST]
  Parameters: {"shortening"=>{"url"=>"http://google.com/"}, "commit"=>"Shorty", "authenticity_token"=>"JLtp4saZ5ZlmPkUYxhGdI7zndLH93B5XEtYobHsGdlA="}
  [4;36;1mShortening Create (0.3ms)[0m   [0;1mINSERT INTO "shortenings" ("updated_at", "url", "created_at") VALUES('2009-09-18 16:30:38', 'http://google.com/', '2009-09-18 16:30:38')[0m
Redirected to http://localhost:3000/shortenings/2
Completed in 7ms (DB: 0) | 302 Found [http://localhost/shortenings]


Processing ShorteningsController#show (for 127.0.0.1 at 2009-09-18 12:30:38) [GET]
  Parameters: {"id"=>"2"}
  [4;35;1mShortening Load (0.2ms)[0m   [0mSELECT * FROM "shortenings" WHERE ("shortenings"."id" = 2) [0m
Rendering template within layouts/application
Rendering shortenings/show
Completed in 5ms (View: 1, DB: 0) | 200 OK [http://localhost/shortenings/2]
